[0m[[0m[0mdebug[0m] [0m[0m> Exec(compile, None, None)[0m[0J
[0m[[0m[0mdebug[0m] [0m[0mEvaluating tasks: Compile / compile[0m[0J
[0m[[0m[0mdebug[0m] [0m[0mRunning task... Cancel: Signal, check cycles: false, forcegc: true[0m[0J
[0m[[0m[33mwarn[0m] [0m[0mThere may be incompatibilities among your library dependencies; run 'evicted' to see detailed eviction warnings.[0m[0J
[0m[[0m[0minfo[0m] [0m[0mCompiling 1 protobuf files to /home/darkhan/Desktop/Scala/grpc/target/scala-2.13/akka-grpc/main[0m[0J
[0m[[0m[0minfo[0m] [0m[0mCompiling schema /home/darkhan/Desktop/Scala/grpc/src/main/protobuf/courier.proto[0m[0J
[0m[[0m[0minfo[0m] [0m[0mGenerating Akka gRPC service interface for courier.CourierService[0m[0J
[0m[[0m[0minfo[0m] [0m[0mGenerating Akka gRPC client for courier.CourierService[0m[0J
[0m[[0m[0minfo[0m] [0m[0mGenerating Akka gRPC service handler for courier.CourierService[0m[0J
[0m[[0m[0minfo[0m] [0m[0mcompiling 13 Scala sources to /home/darkhan/Desktop/Scala/grpc/target/scala-2.13/classes ...[0m[0J
[0m[[0m[0minfo[0m] [0m[0m/home/darkhan/Desktop/Scala/grpc/src/main/scala/service/CourierServiceImpl.scala:1:1: [0m[0J
[0m[[0m[0minfo[0m] [0m[0mFound names but no class, trait or object is defined in the compilation unit.[0m[0J
[0m[[0m[0minfo[0m] [0m[0mThe incremental compiler cannot record the dependency information in such case.[0m[0J
[0m[[0m[0minfo[0m] [0m[0mSome errors like unused import referring to a non-existent class might not be reported.[0m[0J
[0m[[0m[0minfo[0m] [0m[0m    [0m[0J
[0m[[0m[0minfo[0m] [0m[0mpackage service[0m[0J
[0m[[0m[0minfo[0m] [0m[0m^[0m[0J
[0m[[0m[0minfo[0m] [0m[0m/home/darkhan/Desktop/Scala/grpc/src/main/scala/service/CourierServiceImpl.scala:1:1: [0m[0J
[0m[[0m[0minfo[0m] [0m[0mFound top level imports but no class, trait or object is defined in the compilation unit.[0m[0J
[0m[[0m[0minfo[0m] [0m[0mThe incremental compiler cannot record the dependency information in such case.[0m[0J
[0m[[0m[0minfo[0m] [0m[0mSome errors like unused import referring to a non-existent class might not be reported.[0m[0J
[0m[[0m[0minfo[0m] [0m[0m    [0m[0J
[0m[[0m[0minfo[0m] [0m[0mpackage service[0m[0J
[0m[[0m[0minfo[0m] [0m[0m^[0m[0J
[0m[[0m[33mwarn[0m] [0m[0m1 deprecation (since 2.13.0)[0m[0J
[0m[[0m[33mwarn[0m] [0m[0m1 deprecation (since 2.13.3)[0m[0J
[0m[[0m[33mwarn[0m] [0m[0m2 deprecations in total; re-run with -deprecation for details[0m[0J
[0m[[0m[33mwarn[0m] [0m[0mthree warnings found[0m[0J
[0m[[0m[0minfo[0m] [0m[0mdone compiling[0m[0J
[0m[[0m[32msuccess[0m] [0m[0mTotal time: 4 s, completed Oct 12, 2020 12:10:36 PM[0m[0J
[0m[[0m[0mdebug[0m] [0m[0m> Exec(idea-shell, None, None)[0m[0J
